-------------------------------------------------------------------------------
Test set: io.vertx.starter.MainVerticleTest
-------------------------------------------------------------------------------
Tests run: 1, Failures: 0, Errors: 1, Skipped: 0, Time elapsed: 5.982 sec <<< FAILURE!
testThatTheServerIsStarted(io.vertx.starter.MainVerticleTest)  Time elapsed: 5.912 sec  <<< ERROR!
java.sql.SQLSyntaxErrorException: unexpected token: NOTE required: (
	at org.hsqldb.jdbc.JDBCUtil.sqlException(Unknown Source)
	at org.hsqldb.jdbc.JDBCUtil.sqlException(Unknown Source)
	at org.hsqldb.jdbc.JDBCStatement.fetchResult(Unknown Source)
	at org.hsqldb.jdbc.JDBCStatement.execute(Unknown Source)
	at com.mchange.v2.c3p0.impl.NewProxyStatement.execute(NewProxyStatement.java:75)
	at io.vertx.ext.jdbc.impl.actions.JDBCExecute.execute(JDBCExecute.java:50)
	at io.vertx.ext.jdbc.impl.actions.JDBCExecute.execute(JDBCExecute.java:32)
	at io.vertx.ext.jdbc.impl.actions.AbstractJDBCAction.handle(AbstractJDBCAction.java:58)
	at io.vertx.core.impl.ContextImpl.lambda$executeBlocking$1(ContextImpl.java:271)
	at io.vertx.core.impl.TaskQueue.lambda$new$0(TaskQueue.java:60)
	at java.util.concurrent.ThreadPoolExecutor.runWorker(ThreadPoolExecutor.java:1142)
	at java.util.concurrent.ThreadPoolExecutor$Worker.run(ThreadPoolExecutor.java:617)
	at java.lang.Thread.run(Thread.java:748)
Caused by: org.hsqldb.HsqlException: unexpected token: NOTE required: (
	at org.hsqldb.error.Error.parseError(Unknown Source)
	at org.hsqldb.ParserBase.unexpectedTokenRequire(Unknown Source)
	at org.hsqldb.ParserBase.readThis(Unknown Source)
	at org.hsqldb.ParserTable.readTableContentsSource(Unknown Source)
	at org.hsqldb.ParserTable.compileCreateTableBody(Unknown Source)
	at org.hsqldb.ParserTable.compileCreateTable(Unknown Source)
	at org.hsqldb.ParserDDL.compileCreate(Unknown Source)
	at org.hsqldb.ParserCommand.compilePart(Unknown Source)
	at org.hsqldb.ParserCommand.compileStatements(Unknown Source)
	at org.hsqldb.Session.executeDirectStatement(Unknown Source)
	at org.hsqldb.Session.execute(Unknown Source)
	... 11 more

