<?xml version="1.0" encoding="UTF-8" ?>
<testsuite tests="1" failures="0" name="io.vertx.starter.MainVerticleTest" time="5.912" errors="1" skipped="0">
  <properties>
[...]
</properties>
  <testcase classname="io.vertx.starter.MainVerticleTest" name="testThatTheServerIsStarted" time="5.912">
    <error message="unexpected token: NOTE required: (" type="java.sql.SQLSyntaxErrorException">java.sql.SQLSyntaxErrorException: unexpected token: NOTE required: (
	at org.hsqldb.jdbc.JDBCUtil.sqlException(Unknown Source)
	at org.hsqldb.jdbc.JDBCUtil.sqlException(Unknown Source)
	at org.hsqldb.jdbc.JDBCStatement.fetchResult(Unknown Source)
	at org.hsqldb.jdbc.JDBCStatement.execute(Unknown Source)
	at com.mchange.v2.c3p0.impl.NewProxyStatement.execute(NewProxyStatement.java:75)
	at io.vertx.ext.jdbc.impl.actions.JDBCExecute.execute(JDBCExecute.java:50)
	at io.vertx.ext.jdbc.impl.actions.JDBCExecute.execute(JDBCExecute.java:32)
	at io.vertx.ext.jdbc.impl.actions.AbstractJDBCAction.handle(AbstractJDBCAction.java:58)
	at io.vertx.core.impl.ContextImpl.lambda$executeBlocking$1(ContextImpl.java:271)
	at io.vertx.core.impl.TaskQueue.lambda$new$0(TaskQueue.java:60)
	at java.util.concurrent.ThreadPoolExecutor.runWorker(ThreadPoolExecutor.java:1142)
	at java.util.concurrent.ThreadPoolExecutor$Worker.run(ThreadPoolExecutor.java:617)
	at java.lang.Thread.run(Thread.java:748)
Caused by: org.hsqldb.HsqlException: unexpected token: NOTE required: (
	at org.hsqldb.error.Error.parseError(Unknown Source)
	at org.hsqldb.ParserBase.unexpectedTokenRequire(Unknown Source)
	at org.hsqldb.ParserBase.readThis(Unknown Source)
	at org.hsqldb.ParserTable.readTableContentsSource(Unknown Source)
	at org.hsqldb.ParserTable.compileCreateTableBody(Unknown Source)
	at org.hsqldb.ParserTable.compileCreateTable(Unknown Source)
	at org.hsqldb.ParserDDL.compileCreate(Unknown Source)
	at org.hsqldb.ParserCommand.compilePart(Unknown Source)
	at org.hsqldb.ParserCommand.compileStatements(Unknown Source)
	at org.hsqldb.Session.executeDirectStatement(Unknown Source)
	at org.hsqldb.Session.execute(Unknown Source)
	... 11 more
</error>
    <system-out>10:53:53.819 [vert.x-eventloop-thread-1] ERROR i.v.s.d.WikiDatabaseServiceImpl - Database preparation error
java.sql.SQLSyntaxErrorException: unexpected token: NOTE required: (
	at org.hsqldb.jdbc.JDBCUtil.sqlException(Unknown Source)
	at org.hsqldb.jdbc.JDBCUtil.sqlException(Unknown Source)
	at org.hsqldb.jdbc.JDBCStatement.fetchResult(Unknown Source)
	at org.hsqldb.jdbc.JDBCStatement.execute(Unknown Source)
	at com.mchange.v2.c3p0.impl.NewProxyStatement.execute(NewProxyStatement.java:75)
	at io.vertx.ext.jdbc.impl.actions.JDBCExecute.execute(JDBCExecute.java:50)
	at io.vertx.ext.jdbc.impl.actions.JDBCExecute.execute(JDBCExecute.java:32)
	at io.vertx.ext.jdbc.impl.actions.AbstractJDBCAction.handle(AbstractJDBCAction.java:58)
	at io.vertx.core.impl.ContextImpl.lambda$executeBlocking$1(ContextImpl.java:271)
	at io.vertx.core.impl.TaskQueue.lambda$new$0(TaskQueue.java:60)
	at java.util.concurrent.ThreadPoolExecutor.runWorker(ThreadPoolExecutor.java:1142)
	at java.util.concurrent.ThreadPoolExecutor$Worker.run(ThreadPoolExecutor.java:617)
	at java.lang.Thread.run(Thread.java:748)
Caused by: org.hsqldb.HsqlException: unexpected token: NOTE required: (
	at org.hsqldb.error.Error.parseError(Unknown Source)
	at org.hsqldb.ParserBase.unexpectedTokenRequire(Unknown Source)
	at org.hsqldb.ParserBase.readThis(Unknown Source)
	at org.hsqldb.ParserTable.readTableContentsSource(Unknown Source)
	at org.hsqldb.ParserTable.compileCreateTableBody(Unknown Source)
	at org.hsqldb.ParserTable.compileCreateTable(Unknown Source)
	at org.hsqldb.ParserDDL.compileCreate(Unknown Source)
	at org.hsqldb.ParserCommand.compilePart(Unknown Source)
	at org.hsqldb.ParserCommand.compileStatements(Unknown Source)
	at org.hsqldb.Session.executeDirectStatement(Unknown Source)
	at org.hsqldb.Session.execute(Unknown Source)
	... 11 common frames omitted
</system-out>
    <system-err>Aug 31, 2017 10:53:51 AM io.vertx.core.impl.BlockedThreadChecker
WARNING: Thread Thread[vert.x-eventloop-thread-1,5,main] has been blocked for 2893 ms, time limit is 2000
Aug 31, 2017 10:53:52 AM io.vertx.core.impl.BlockedThreadChecker
WARNING: Thread Thread[vert.x-eventloop-thread-1,5,main] has been blocked for 3893 ms, time limit is 2000
Aug 31, 2017 10:53:53 AM io.vertx.core.impl.BlockedThreadChecker
WARNING: Thread Thread[vert.x-eventloop-thread-1,5,main] has been blocked for 4897 ms, time limit is 2000
</system-err>
  </testcase>
</testsuite>