<?xml version="1.0" encoding="UTF-8" ?>
<testsuite tests="1" failures="1" name="io.vertx.starter.http.ApiTest" time="5.622" errors="0" skipped="0">
  <properties>
[...]
</properties>
  <testcase classname="io.vertx.starter.http.ApiTest" name="play_with_api" time="5.622">
    <failure message="Expected true" type="java.lang.AssertionError">java.lang.AssertionError: Expected true
	at io.vertx.ext.unit.impl.TestContextImpl.reportAssertionError(TestContextImpl.java:432)
	at io.vertx.ext.unit.impl.TestContextImpl.assertTrue(TestContextImpl.java:282)
	at io.vertx.ext.unit.impl.TestContextImpl.assertTrue(TestContextImpl.java:288)
	at io.vertx.starter.http.ApiTest.lambda$play_with_api$6(ApiTest.java:113)
	at io.vertx.core.Future.lambda$compose$0(Future.java:232)
	at io.vertx.core.impl.FutureImpl.tryComplete(FutureImpl.java:126)
	at io.vertx.core.impl.FutureImpl.complete(FutureImpl.java:88)
	at io.vertx.starter.http.ApiTest.lambda$null$3(ApiTest.java:103)
	at io.vertx.ext.web.client.impl.HttpRequestImpl.lambda$null$1(HttpRequestImpl.java:238)
	at io.vertx.core.impl.ContextImpl.lambda$wrapTask$2(ContextImpl.java:337)
	at io.netty.util.concurrent.AbstractEventExecutor.safeExecute(AbstractEventExecutor.java:163)
	at io.netty.util.concurrent.SingleThreadEventExecutor.runAllTasks(SingleThreadEventExecutor.java:403)
	at io.netty.channel.nio.NioEventLoop.run(NioEventLoop.java:445)
	at io.netty.util.concurrent.SingleThreadEventExecutor$5.run(SingleThreadEventExecutor.java:858)
	at java.lang.Thread.run(Thread.java:748)
</failure>
    <system-out>16:46:49.956 [vert.x-eventloop-thread-2] INFO  i.v.starter.http.HttpServerVerticle - HTTP server running on port 8080
16:46:50.224 [vert.x-eventloop-thread-0] ERROR i.v.s.d.WikiDatabaseServiceImpl - Database query error
java.sql.SQLException: Invalid argument in JDBC call
	at org.hsqldb.jdbc.JDBCUtil.sqlException(Unknown Source)
	at org.hsqldb.jdbc.JDBCUtil.sqlException(Unknown Source)
	at org.hsqldb.jdbc.JDBCUtil.sqlException(Unknown Source)
	at org.hsqldb.jdbc.JDBCUtil.invalidArgument(Unknown Source)
	at org.hsqldb.jdbc.JDBCPreparedStatement.setClobParameter(Unknown Source)
	at org.hsqldb.jdbc.JDBCPreparedStatement.setClobParameter(Unknown Source)
	at org.hsqldb.jdbc.JDBCPreparedStatement.setParameter(Unknown Source)
	at org.hsqldb.jdbc.JDBCPreparedStatement.setObject(Unknown Source)
	at com.mchange.v2.c3p0.impl.NewProxyPreparedStatement.setObject(NewProxyPreparedStatement.java:878)
	at io.vertx.ext.jdbc.impl.actions.JDBCStatementHelper.fillStatement(JDBCStatementHelper.java:89)
	at io.vertx.ext.jdbc.impl.actions.JDBCUpdate.execute(JDBCUpdate.java:59)
	at io.vertx.ext.jdbc.impl.actions.JDBCUpdate.execute(JDBCUpdate.java:36)
	at io.vertx.ext.jdbc.impl.actions.AbstractJDBCAction.handle(AbstractJDBCAction.java:58)
	at io.vertx.core.impl.ContextImpl.lambda$executeBlocking$1(ContextImpl.java:271)
	at io.vertx.core.impl.TaskQueue.lambda$new$0(TaskQueue.java:60)
	at java.util.concurrent.ThreadPoolExecutor.runWorker(ThreadPoolExecutor.java:1142)
	at java.util.concurrent.ThreadPoolExecutor$Worker.run(ThreadPoolExecutor.java:617)
	at java.lang.Thread.run(Thread.java:748)
Caused by: org.hsqldb.HsqlException: Invalid argument in JDBC call
	at org.hsqldb.error.Error.error(Unknown Source)
	at org.hsqldb.error.Error.error(Unknown Source)
	... 16 common frames omitted
</system-out>
    <system-err>2017-08-31T16:46:47.617+0700  WARNING  Thread Thread[vert.x-eventloop-thread-2,5,main] has been blocked for 2933 ms, time limit is 2000
2017-08-31T16:46:48.618+0700  WARNING  Thread Thread[vert.x-eventloop-thread-2,5,main] has been blocked for 3934 ms, time limit is 2000
2017-08-31T16:46:49.622+0700  WARNING  Thread Thread[vert.x-eventloop-thread-2,5,main] has been blocked for 4938 ms, time limit is 2000
2017-08-31T16:46:50.226+0700  SEVERE  Unhandled exception
java.lang.IllegalStateException: Result is already complete: failed
	at io.vertx.core.impl.FailedFuture.fail(FailedFuture.java:68)
	at io.vertx.core.Future.lambda$compose$0(Future.java:240)
	at io.vertx.core.impl.FutureImpl.tryFail(FutureImpl.java:170)
	at io.vertx.core.impl.FutureImpl.fail(FutureImpl.java:102)
	at io.vertx.core.Future.lambda$compose$0(Future.java:237)
	at io.vertx.core.impl.FutureImpl.tryComplete(FutureImpl.java:126)
	at io.vertx.core.impl.FutureImpl.complete(FutureImpl.java:88)
	at io.vertx.starter.http.ApiTest.lambda$null$3(ApiTest.java:103)
	at io.vertx.ext.web.client.impl.HttpRequestImpl.lambda$null$1(HttpRequestImpl.java:238)
	at io.vertx.core.impl.ContextImpl.lambda$wrapTask$2(ContextImpl.java:337)
	at io.netty.util.concurrent.AbstractEventExecutor.safeExecute(AbstractEventExecutor.java:163)
	at io.netty.util.concurrent.SingleThreadEventExecutor.runAllTasks(SingleThreadEventExecutor.java:403)
	at io.netty.channel.nio.NioEventLoop.run(NioEventLoop.java:445)
	at io.netty.util.concurrent.SingleThreadEventExecutor$5.run(SingleThreadEventExecutor.java:858)
	at java.lang.Thread.run(Thread.java:748)

</system-err>
  </testcase>
</testsuite>