<?xml version="1.0" encoding="UTF-8" ?>
<testsuite tests="2" failures="0" name="io.vertx.starter.database.WikiDatabaseVerticleTest" time="11.002" errors="1" skipped="0">
  <properties>
[...]
</properties>
  <testcase classname="io.vertx.starter.database.WikiDatabaseVerticleTest" name="crud_operations" time="10.935">
    <error message="Invalid argument in JDBC call" type="(RECIPIENT_FAILURE,-1) Invalid argument in JDBC call
	at io.vertx.starter.database.WikiDatabaseServiceVertxProxyHandler.lambda$createHandler$0(WikiDatabaseServiceVertxProxyHandler.java">(RECIPIENT_FAILURE,-1) Invalid argument in JDBC call
	at io.vertx.starter.database.WikiDatabaseServiceVertxProxyHandler.lambda$createHandler$0(WikiDatabaseServiceVertxProxyHandler.java:176)
	at io.vertx.starter.database.WikiDatabaseServiceImpl.lambda$null$11(WikiDatabaseServiceImpl.java:193)
	at io.vertx.core.impl.FutureImpl.setHandler(FutureImpl.java:81)
	at io.vertx.core.impl.ContextImpl.lambda$null$0(ContextImpl.java:287)
	at io.vertx.core.impl.ContextImpl.lambda$wrapTask$2(ContextImpl.java:337)
	at io.netty.util.concurrent.AbstractEventExecutor.safeExecute(AbstractEventExecutor.java:163)
	at io.netty.util.concurrent.SingleThreadEventExecutor.runAllTasks(SingleThreadEventExecutor.java:403)
	at io.netty.channel.nio.NioEventLoop.run(NioEventLoop.java:445)
	at io.netty.util.concurrent.SingleThreadEventExecutor$5.run(SingleThreadEventExecutor.java:858)
	at java.lang.Thread.run(Thread.java:748)
</error>
    <system-out>16:46:39.572 [vert.x-eventloop-thread-0] ERROR i.v.s.d.WikiDatabaseServiceImpl - Database query error
java.sql.SQLException: Invalid argument in JDBC call
	at org.hsqldb.jdbc.JDBCUtil.sqlException(Unknown Source)
	at org.hsqldb.jdbc.JDBCUtil.sqlException(Unknown Source)
	at org.hsqldb.jdbc.JDBCUtil.sqlException(Unknown Source)
	at org.hsqldb.jdbc.JDBCUtil.invalidArgument(Unknown Source)
	at org.hsqldb.jdbc.JDBCPreparedStatement.setClobParameter(Unknown Source)
	at org.hsqldb.jdbc.JDBCPreparedStatement.setClobParameter(Unknown Source)
	at org.hsqldb.jdbc.JDBCPreparedStatement.setParameter(Unknown Source)
	at org.hsqldb.jdbc.JDBCPreparedStatement.setObject(Unknown Source)
	at com.mchange.v2.c3p0.impl.NewProxyPreparedStatement.setObject(NewProxyPreparedStatement.java:878)
	at io.vertx.ext.jdbc.impl.actions.JDBCStatementHelper.fillStatement(JDBCStatementHelper.java:89)
	at io.vertx.ext.jdbc.impl.actions.JDBCUpdate.execute(JDBCUpdate.java:59)
	at io.vertx.ext.jdbc.impl.actions.JDBCUpdate.execute(JDBCUpdate.java:36)
	at io.vertx.ext.jdbc.impl.actions.AbstractJDBCAction.handle(AbstractJDBCAction.java:58)
	at io.vertx.core.impl.ContextImpl.lambda$executeBlocking$1(ContextImpl.java:271)
	at io.vertx.core.impl.TaskQueue.lambda$new$0(TaskQueue.java:60)
	at java.util.concurrent.ThreadPoolExecutor.runWorker(ThreadPoolExecutor.java:1142)
	at java.util.concurrent.ThreadPoolExecutor$Worker.run(ThreadPoolExecutor.java:617)
	at java.lang.Thread.run(Thread.java:748)
Caused by: org.hsqldb.HsqlException: Invalid argument in JDBC call
	at org.hsqldb.error.Error.error(Unknown Source)
	at org.hsqldb.error.Error.error(Unknown Source)
	... 16 common frames omitted
</system-out>
    <system-err>Aug 31, 2017 4:46:36 PM io.vertx.core.impl.BlockedThreadChecker
WARNING: Thread Thread[vert.x-eventloop-thread-0,5,main] has been blocked for 2795 ms, time limit is 2000
Aug 31, 2017 4:46:37 PM io.vertx.core.impl.BlockedThreadChecker
WARNING: Thread Thread[vert.x-eventloop-thread-0,5,main] has been blocked for 3800 ms, time limit is 2000
Aug 31, 2017 4:46:38 PM io.vertx.core.impl.BlockedThreadChecker
WARNING: Thread Thread[vert.x-eventloop-thread-0,5,main] has been blocked for 4801 ms, time limit is 2000
</system-err>
  </testcase>
  <testcase classname="io.vertx.starter.database.WikiDatabaseVerticleTest" name="test_fetchAllPagesData" time="0.067"/>
</testsuite>