<?xml version="1.0" encoding="UTF-8" ?>
<testsuite tests="1" failures="1" name="io.vertx.starter.http.ApiTest" time="5.622" errors="0" skipped="0">
  <properties>
    <property name="java.runtime.name" value="Java(TM) SE Runtime Environment"/>
    <property name="sun.boot.library.path" value="/Library/Java/JavaVirtualMachines/1.8.0_131.jdk/Contents/Home/jre/lib"/>
    <property name="java.vm.version" value="25.131-b11"/>
    <property name="user.country.format" value="VN"/>
    <property name="gopherProxySet" value="false"/>
    <property name="java.vm.vendor" value="Oracle Corporation"/>
    <property name="maven.multiModuleProjectDirectory" value="/Users/trunglnm/Documents/working/learning/java/vertx-starter"/>
    <property name="java.vendor.url" value="http://java.oracle.com/"/>
    <property name="path.separator" value=":"/>
    <property name="guice.disable.misplaced.annotation.check" value="true"/>
    <property name="java.vm.name" value="Java HotSpot(TM) 64-Bit Server VM"/>
    <property name="file.encoding.pkg" value="sun.io"/>
    <property name="user.country" value="US"/>
    <property name="sun.java.launcher" value="SUN_STANDARD"/>
    <property name="sun.os.patch.level" value="unknown"/>
    <property name="java.vm.specification.name" value="Java Virtual Machine Specification"/>
    <property name="user.dir" value="/Users/trunglnm/Documents/working/learning/java/vertx-starter"/>
    <property name="java.runtime.version" value="1.8.0_131-b11"/>
    <property name="java.awt.graphicsenv" value="sun.awt.CGraphicsEnvironment"/>
    <property name="java.endorsed.dirs" value="/Library/Java/JavaVirtualMachines/1.8.0_131.jdk/Contents/Home/jre/lib/endorsed"/>
    <property name="os.arch" value="x86_64"/>
    <property name="java.io.tmpdir" value="/var/folders/_4/5q_m0z_s2f309v8jwf6828340000gp/T/"/>
    <property name="line.separator" value="
"/>
    <property name="java.vm.specification.vendor" value="Oracle Corporation"/>
    <property name="os.name" value="Mac OS X"/>
    <property name="classworlds.conf" value="/Users/trunglnm/Documents/working/build_tool/apache-maven-3.5.0/bin/m2.conf"/>
    <property name="sun.jnu.encoding" value="UTF-8"/>
    <property name="java.library.path" value="/Users/trunglnm/Library/Java/Extensions:/Library/Java/Extensions:/Network/Library/Java/Extensions:/System/Library/Java/Extensions:/usr/lib/java:."/>
    <property name="maven.conf" value="/Users/trunglnm/Documents/working/build_tool/apache-maven-3.5.0/conf"/>
    <property name="java.specification.name" value="Java Platform API Specification"/>
    <property name="java.class.version" value="52.0"/>
    <property name="sun.management.compiler" value="HotSpot 64-Bit Tiered Compilers"/>
    <property name="os.version" value="10.12.6"/>
    <property name="library.jansi.path" value="/Users/trunglnm/Documents/working/build_tool/apache-maven-3.5.0/lib/jansi-native/osx64"/>
    <property name="http.nonProxyHosts" value="local|*.local|169.254/16|*.169.254/16"/>
    <property name="user.home" value="/Users/trunglnm"/>
    <property name="user.timezone" value="Asia/Ho_Chi_Minh"/>
    <property name="java.awt.printerjob" value="sun.lwawt.macosx.CPrinterJob"/>
    <property name="java.specification.version" value="1.8"/>
    <property name="file.encoding" value="UTF-8"/>
    <property name="user.name" value="trunglnm"/>
    <property name="java.class.path" value="/Users/trunglnm/Documents/working/build_tool/apache-maven-3.5.0/boot/plexus-classworlds-2.5.2.jar"/>
    <property name="org.slf4j.simpleLogger.defaultLogLevel" value="debug"/>
    <property name="java.vm.specification.version" value="1.8"/>
    <property name="sun.arch.data.model" value="64"/>
    <property name="java.home" value="/Library/Java/JavaVirtualMachines/1.8.0_131.jdk/Contents/Home/jre"/>
    <property name="sun.java.command" value="org.codehaus.plexus.classworlds.launcher.Launcher clean package -X"/>
    <property name="java.specification.vendor" value="Oracle Corporation"/>
    <property name="user.language" value="en"/>
    <property name="awt.toolkit" value="sun.lwawt.macosx.LWCToolkit"/>
    <property name="java.vm.info" value="mixed mode"/>
    <property name="java.version" value="1.8.0_131"/>
    <property name="java.ext.dirs" value="/Users/trunglnm/Library/Java/Extensions:/Library/Java/JavaVirtualMachines/1.8.0_131.jdk/Contents/Home/jre/lib/ext:/Library/Java/Extensions:/Network/Library/Java/Extensions:/System/Library/Java/Extensions:/usr/lib/java"/>
    <property name="sun.boot.class.path" value="/Library/Java/JavaVirtualMachines/1.8.0_131.jdk/Contents/Home/jre/lib/resources.jar:/Library/Java/JavaVirtualMachines/1.8.0_131.jdk/Contents/Home/jre/lib/rt.jar:/Library/Java/JavaVirtualMachines/1.8.0_131.jdk/Contents/Home/jre/lib/sunrsasign.jar:/Library/Java/JavaVirtualMachines/1.8.0_131.jdk/Contents/Home/jre/lib/jsse.jar:/Library/Java/JavaVirtualMachines/1.8.0_131.jdk/Contents/Home/jre/lib/jce.jar:/Library/Java/JavaVirtualMachines/1.8.0_131.jdk/Contents/Home/jre/lib/charsets.jar:/Library/Java/JavaVirtualMachines/1.8.0_131.jdk/Contents/Home/jre/lib/jfr.jar:/Library/Java/JavaVirtualMachines/1.8.0_131.jdk/Contents/Home/jre/classes"/>
    <property name="java.vendor" value="Oracle Corporation"/>
    <property name="maven.home" value="/Users/trunglnm/Documents/working/build_tool/apache-maven-3.5.0"/>
    <property name="file.separator" value="/"/>
    <property name="java.vendor.url.bug" value="http://bugreport.sun.com/bugreport/"/>
    <property name="sun.cpu.endian" value="little"/>
    <property name="sun.io.unicode.encoding" value="UnicodeBig"/>
    <property name="socksNonProxyHosts" value="local|*.local|169.254/16|*.169.254/16"/>
    <property name="ftp.nonProxyHosts" value="local|*.local|169.254/16|*.169.254/16"/>
    <property name="sun.cpu.isalist" value=""/>
  </properties>
  <testcase classname="io.vertx.starter.http.ApiTest" name="play_with_api" time="5.622">
    <failure message="Expected true" type="java.lang.AssertionError">java.lang.AssertionError: Expected true
	at io.vertx.ext.unit.impl.TestContextImpl.reportAssertionError(TestContextImpl.java:432)
	at io.vertx.ext.unit.impl.TestContextImpl.assertTrue(TestContextImpl.java:282)
	at io.vertx.ext.unit.impl.TestContextImpl.assertTrue(TestContextImpl.java:288)
	at io.vertx.starter.http.ApiTest.lambda$play_with_api$6(ApiTest.java:113)
	at io.vertx.core.Future.lambda$compose$0(Future.java:232)
	at io.vertx.core.impl.FutureImpl.tryComplete(FutureImpl.java:126)
	at io.vertx.core.impl.FutureImpl.complete(FutureImpl.java:88)
	at io.vertx.starter.http.ApiTest.lambda$null$3(ApiTest.java:103)
	at io.vertx.ext.web.client.impl.HttpRequestImpl.lambda$null$1(HttpRequestImpl.java:238)
	at io.vertx.core.impl.ContextImpl.lambda$wrapTask$2(ContextImpl.java:337)
	at io.netty.util.concurrent.AbstractEventExecutor.safeExecute(AbstractEventExecutor.java:163)
	at io.netty.util.concurrent.SingleThreadEventExecutor.runAllTasks(SingleThreadEventExecutor.java:403)
	at io.netty.channel.nio.NioEventLoop.run(NioEventLoop.java:445)
	at io.netty.util.concurrent.SingleThreadEventExecutor$5.run(SingleThreadEventExecutor.java:858)
	at java.lang.Thread.run(Thread.java:748)
</failure>
    <system-out>16:46:49.956 [vert.x-eventloop-thread-2] INFO  i.v.starter.http.HttpServerVerticle - HTTP server running on port 8080
16:46:50.224 [vert.x-eventloop-thread-0] ERROR i.v.s.d.WikiDatabaseServiceImpl - Database query error
java.sql.SQLException: Invalid argument in JDBC call
	at org.hsqldb.jdbc.JDBCUtil.sqlException(Unknown Source)
	at org.hsqldb.jdbc.JDBCUtil.sqlException(Unknown Source)
	at org.hsqldb.jdbc.JDBCUtil.sqlException(Unknown Source)
	at org.hsqldb.jdbc.JDBCUtil.invalidArgument(Unknown Source)
	at org.hsqldb.jdbc.JDBCPreparedStatement.setClobParameter(Unknown Source)
	at org.hsqldb.jdbc.JDBCPreparedStatement.setClobParameter(Unknown Source)
	at org.hsqldb.jdbc.JDBCPreparedStatement.setParameter(Unknown Source)
	at org.hsqldb.jdbc.JDBCPreparedStatement.setObject(Unknown Source)
	at com.mchange.v2.c3p0.impl.NewProxyPreparedStatement.setObject(NewProxyPreparedStatement.java:878)
	at io.vertx.ext.jdbc.impl.actions.JDBCStatementHelper.fillStatement(JDBCStatementHelper.java:89)
	at io.vertx.ext.jdbc.impl.actions.JDBCUpdate.execute(JDBCUpdate.java:59)
	at io.vertx.ext.jdbc.impl.actions.JDBCUpdate.execute(JDBCUpdate.java:36)
	at io.vertx.ext.jdbc.impl.actions.AbstractJDBCAction.handle(AbstractJDBCAction.java:58)
	at io.vertx.core.impl.ContextImpl.lambda$executeBlocking$1(ContextImpl.java:271)
	at io.vertx.core.impl.TaskQueue.lambda$new$0(TaskQueue.java:60)
	at java.util.concurrent.ThreadPoolExecutor.runWorker(ThreadPoolExecutor.java:1142)
	at java.util.concurrent.ThreadPoolExecutor$Worker.run(ThreadPoolExecutor.java:617)
	at java.lang.Thread.run(Thread.java:748)
Caused by: org.hsqldb.HsqlException: Invalid argument in JDBC call
	at org.hsqldb.error.Error.error(Unknown Source)
	at org.hsqldb.error.Error.error(Unknown Source)
	... 16 common frames omitted
</system-out>
    <system-err>2017-08-31T16:46:47.617+0700  WARNING  Thread Thread[vert.x-eventloop-thread-2,5,main] has been blocked for 2933 ms, time limit is 2000
2017-08-31T16:46:48.618+0700  WARNING  Thread Thread[vert.x-eventloop-thread-2,5,main] has been blocked for 3934 ms, time limit is 2000
2017-08-31T16:46:49.622+0700  WARNING  Thread Thread[vert.x-eventloop-thread-2,5,main] has been blocked for 4938 ms, time limit is 2000
2017-08-31T16:46:50.226+0700  SEVERE  Unhandled exception
java.lang.IllegalStateException: Result is already complete: failed
	at io.vertx.core.impl.FailedFuture.fail(FailedFuture.java:68)
	at io.vertx.core.Future.lambda$compose$0(Future.java:240)
	at io.vertx.core.impl.FutureImpl.tryFail(FutureImpl.java:170)
	at io.vertx.core.impl.FutureImpl.fail(FutureImpl.java:102)
	at io.vertx.core.Future.lambda$compose$0(Future.java:237)
	at io.vertx.core.impl.FutureImpl.tryComplete(FutureImpl.java:126)
	at io.vertx.core.impl.FutureImpl.complete(FutureImpl.java:88)
	at io.vertx.starter.http.ApiTest.lambda$null$3(ApiTest.java:103)
	at io.vertx.ext.web.client.impl.HttpRequestImpl.lambda$null$1(HttpRequestImpl.java:238)
	at io.vertx.core.impl.ContextImpl.lambda$wrapTask$2(ContextImpl.java:337)
	at io.netty.util.concurrent.AbstractEventExecutor.safeExecute(AbstractEventExecutor.java:163)
	at io.netty.util.concurrent.SingleThreadEventExecutor.runAllTasks(SingleThreadEventExecutor.java:403)
	at io.netty.channel.nio.NioEventLoop.run(NioEventLoop.java:445)
	at io.netty.util.concurrent.SingleThreadEventExecutor$5.run(SingleThreadEventExecutor.java:858)
	at java.lang.Thread.run(Thread.java:748)

</system-err>
  </testcase>
</testsuite>